[2014-07-11 16:43:42,525] ERROR com.newrelic.metrics.publish.binding.Request - An error occurred communicating with the New Relic service
java.net.SocketTimeoutException: Read timed out
	at java.net.SocketInputStream.socketRead0(Native Method) ~[na:1.6.0_13]
	at java.net.SocketInputStream.read(Unknown Source) ~[na:1.6.0_13]
	at com.sun.net.ssl.internal.ssl.InputRecord.readFully(Unknown Source) ~[na:1.6]
	at com.sun.net.ssl.internal.ssl.InputRecord.read(Unknown Source) ~[na:1.6]
	at com.sun.net.ssl.internal.ssl.SSLSocketImpl.readRecord(Unknown Source) ~[na:1.6]
	at com.sun.net.ssl.internal.ssl.SSLSocketImpl.performInitialHandshake(Unknown Source) ~[na:1.6]
	at com.sun.net.ssl.internal.ssl.SSLSocketImpl.startHandshake(Unknown Source) ~[na:1.6]
	at com.sun.net.ssl.internal.ssl.SSLSocketImpl.startHandshake(Unknown Source) ~[na:1.6]
	at sun.net.www.protocol.https.HttpsClient.afterConnect(Unknown Source) ~[na:1.6]
	at sun.net.www.protocol.https.AbstractDelegateHttpsURLConnection.connect(Unknown Source) ~[na:1.6]
	at sun.net.www.protocol.http.HttpURLConnection.getOutputStream(Unknown Source) ~[na:1.6.0_13]
	at sun.net.www.protocol.https.HttpsURLConnectionImpl.getOutputStream(Unknown Source) ~[na:1.6]
	at com.newrelic.metrics.publish.binding.Request.deliver(Request.java:106) ~[metrics_publish-2.0.0.jar:2.0.0 April 3 2014]
	at com.newrelic.metrics.publish.Runner$PollAgentsRunnable.run(Runner.java:203) [metrics_publish-2.0.0.jar:2.0.0 April 3 2014]
	at java.util.concurrent.Executors$RunnableAdapter.call(Unknown Source) [na:1.6.0_13]
	at java.util.concurrent.FutureTask$Sync.innerRunAndReset(Unknown Source) [na:1.6.0_13]
	at java.util.concurrent.FutureTask.runAndReset(Unknown Source) [na:1.6.0_13]
	at java.util.concurrent.ScheduledThreadPoolExecutor$ScheduledFutureTask.access$101(Unknown Source) [na:1.6.0_13]
	at java.util.concurrent.ScheduledThreadPoolExecutor$ScheduledFutureTask.runPeriodic(Unknown Source) [na:1.6.0_13]
	at java.util.concurrent.ScheduledThreadPoolExecutor$ScheduledFutureTask.run(Unknown Source) [na:1.6.0_13]
	at java.util.concurrent.ThreadPoolExecutor$Worker.runTask(Unknown Source) [na:1.6.0_13]
	at java.util.concurrent.ThreadPoolExecutor$Worker.run(Unknown Source) [na:1.6.0_13]
	at java.lang.Thread.run(Unknown Source) [na:1.6.0_13]
[2014-07-11 16:43:55,787] INFO  com.newrelic.metrics.publish.binding.Request - Response: 400 : Bad Request
